0 info it worked if it ends with ok
1 verbose cli [ 'd:\\Programs\\nodejs\\node.exe',
1 verbose cli   'd:\\Programs\\nodejs\\node_modules\\npm\\bin\\npm-cli.js',
1 verbose cli   'install',
1 verbose cli   'grunt-markdown',
1 verbose cli   '--save-dev' ]
2 info using npm@2.5.1
3 info using node@v0.12.0
4 verbose stack Error: Invalid name: "my‐project‐name"
4 verbose stack     at ensureValidName (d:\Programs\nodejs\node_modules\npm\node_modules\normalize-package-data\lib\fixer.js:322:15)
4 verbose stack     at Object.module.exports.fixNameField (d:\Programs\nodejs\node_modules\npm\node_modules\normalize-package-data\lib\fixer.js:211:5)
4 verbose stack     at d:\Programs\nodejs\node_modules\npm\node_modules\normalize-package-data\lib\normalize.js:30:38
4 verbose stack     at Array.forEach (native)
4 verbose stack     at normalize (d:\Programs\nodejs\node_modules\npm\node_modules\normalize-package-data\lib\normalize.js:29:15)
4 verbose stack     at final (d:\Programs\nodejs\node_modules\npm\node_modules\read-package-json\read-json.js:342:33)
4 verbose stack     at then (d:\Programs\nodejs\node_modules\npm\node_modules\read-package-json\read-json.js:126:33)
4 verbose stack     at d:\Programs\nodejs\node_modules\npm\node_modules\read-package-json\read-json.js:331:40
4 verbose stack     at evalmachine.<anonymous>:336:14
4 verbose stack     at d:\Programs\nodejs\node_modules\npm\node_modules\graceful-fs\graceful-fs.js:102:5
5 verbose cwd c:\Users\kirillr\Documents\GitHub\comverse
6 error Windows_NT 6.1.7601
7 error argv "d:\\Programs\\nodejs\\node.exe" "d:\\Programs\\nodejs\\node_modules\\npm\\bin\\npm-cli.js" "install" "grunt-markdown" "--save-dev"
8 error node v0.12.0
9 error npm  v2.5.1
10 error Invalid name: "my‐project‐name"
11 error If you need help, you may report this error at:
11 error     <http://github.com/npm/npm/issues>
12 verbose exit [ 1, true ]
